<?xml version="1.0" encoding="UTF-8"?>
<!-- Generated by org.testng.reporters.JUnitReportReporter -->
<testsuite hostname="DESKTOP-CPG5TUI" failures="0" tests="1" name="com.providio.testcases.TC_Login" time="35.481" errors="0" timestamp="2023-05-16T12:41:55 IST" skipped="0">
  <testcase classname="com.providio.testcases.TC_Login" name="VerifyLoginWithInValidCredentials" time="35.481"/>
  <system-out/>
</testsuite> <!-- com.providio.testcases.TC_Login -->
