<?xml version="1.0" encoding="UTF-8"?>
<!-- Generated by org.testng.reporters.JUnitReportReporter -->
<testsuite hostname="DESKTOP-CPG5TUI" failures="0" tests="1" name="com.providio.testcases.TC_Logout" time="36.239" errors="0" timestamp="2023-05-11T10:16:18 IST" skipped="0">
  <testcase classname="com.providio.testcases.TC_Logout" name="logoutTest" time="36.239"/>
  <system-out/>
</testsuite> <!-- com.providio.testcases.TC_Logout -->
