<?xml version="1.0" encoding="UTF-8"?>
<!-- Generated by org.testng.reporters.JUnitReportReporter -->
<testsuite hostname="DESKTOP-CPG5TUI" failures="0" tests="1" name="com.providio.testcases.TC_LoginTest" time="42.646" errors="0" timestamp="2023-05-04T10:11:46 IST" skipped="0">
  <testcase classname="com.providio.testcases.TC_LoginTest" name="loginTest" time="42.646"/>
  <system-out/>
</testsuite> <!-- com.providio.testcases.TC_LoginTest -->
